<?xml version="1.0" encoding="UTF-8"?>
<!-- Generated by org.testng.reporters.JUnitXMLReporter -->
<testsuite ignored="0" hostname="DESKTOP-8OIB6O5" failures="0" tests="5" name="Test" time="23.807" errors="0" timestamp="2023-03-01T12:36:12 IST">
  <testcase classname="com.tutorialninja.qa.testcases.RegisterTestCases" name="verifyregistringwithallfields" time="5.78"/>
  <testcase classname="com.tutorialninja.qa.testcases.RegisterTestCases" name="verfiyexistingemailAddress" time="4.357"/>
  <testcase classname="com.tutorialninja.qa.testcases.RegisterTestCases" name="verifyoptionNOselectedforNewsletter" time="5.364"/>
  <testcase classname="com.tutorialninja.qa.testcases.LoginTestCases" name="VerfiyLoggingWithValidCredentials" time="3.721"/>
  <testcase classname="com.tutorialninja.qa.testcases.LoginTestCases" name="VerifyLoggingWithInvalidCredentials" time="3.602"/>
</testsuite> <!-- Test -->
