<?xml version="1.0" encoding="UTF-8"?>
<!-- Generated by org.testng.reporters.JUnitXMLReporter -->
<testsuite ignored="0" hostname="DESKTOP-8OIB6O5" failures="2" tests="6" name="TutorialsNinja" time="51.412" errors="0" timestamp="2023-03-05T00:35:09 IST">
  <testcase classname="com.tutorialninja.qa.testcases.RegisterTestCases" name="verifyregistringwithallfields" time="3.183"/>
  <testcase classname="com.tutorialninja.qa.testcases.RegisterTestCases" name="verifyregistringwithallfields" time="3.33"/>
  <testcase classname="com.tutorialninja.qa.testcases.RegisterTestCases" name="verfiyexistingemailAddress" time="1.592"/>
  <testcase classname="com.tutorialninja.qa.testcases.RegisterTestCases" name="verfiyexistingemailAddress" time="1.88"/>
  <testcase classname="com.tutorialninja.qa.testcases.RegisterTestCases" name="verifyoptionNOselectedforNewsletter" time="3.419">
    <failure type="java.lang.AssertionError" message="expected [true] but found [false]">
      <![CDATA[java.lang.AssertionError: expected [true] but found [false]
at com.tutorialninja.qa.testcases.RegisterTestCases.verifyoptionNOselectedforNewsletter(RegisterTestCases.java:52)
at java.base/java.util.ArrayList.forEach(ArrayList.java:1511)
... Removed 31 stack frames]]>
    </failure>
  </testcase> <!-- verifyoptionNOselectedforNewsletter -->
  <testcase classname="com.tutorialninja.qa.testcases.RegisterTestCases" name="verifyoptionNOselectedforNewsletter" time="4.325">
    <failure type="java.lang.AssertionError" message="expected [true] but found [false]">
      <![CDATA[java.lang.AssertionError: expected [true] but found [false]
at com.tutorialninja.qa.testcases.RegisterTestCases.verifyoptionNOselectedforNewsletter(RegisterTestCases.java:52)
at java.base/java.util.ArrayList.forEach(ArrayList.java:1511)
... Removed 31 stack frames]]>
    </failure>
  </testcase> <!-- verifyoptionNOselectedforNewsletter -->
</testsuite> <!-- TutorialsNinja -->
