<?xml version="1.0" encoding="UTF-8"?>
<testng-results ignored="0" total="6" passed="4" failed="2" skipped="0">
  <reporter-output>
  </reporter-output>
  <suite started-at="2023-03-05T00:34:18 IST" name="Suite" finished-at="2023-03-05T00:35:09 IST" duration-ms="51412">
    <groups>
    </groups>
    <test started-at="2023-03-05T00:34:18 IST" name="TutorialsNinja" finished-at="2023-03-05T00:35:09 IST" duration-ms="51412">
      <class name="com.tutorialninja.qa.testcases.RegisterTestCases">
        <test-method is-config="true" signature="setup()[pri:0, instance:com.tutorialninja.qa.testcases.RegisterTestCases@479460a6]" started-at="2023-03-05T00:34:19 IST" name="setup" finished-at="2023-03-05T00:34:26 IST" duration-ms="6601" status="PASS">
          <reporter-output>
          </reporter-output>
        </test-method> <!-- setup -->
        <test-method signature="verifyregistringwithallfields(java.lang.String,java.lang.String,java.lang.String,java.lang.String,java.lang.String,java.lang.String)[pri:1, instance:com.tutorialninja.qa.testcases.RegisterTestCases@479460a6]" started-at="2023-03-05T00:34:26 IST" name="verifyregistringwithallfields" data-provider="registrationData" finished-at="2023-03-05T00:34:29 IST" duration-ms="3183" status="PASS">
          <params>
            <param index="0">
              <value>
                <![CDATA[         nandha  ]]>
              </value>
            </param>
            <param index="1">
              <value>
                <![CDATA[  kumar  ]]>
              </value>
            </param>
            <param index="2">
              <value>
                <![CDATA[nandhaemail]]>
              </value>
            </param>
            <param index="3">
              <value>
                <![CDATA[636406674]]>
              </value>
            </param>
            <param index="4">
              <value>
                <![CDATA[Nandha@7]]>
              </value>
            </param>
            <param index="5">
              <value>
                <![CDATA[Nandha@7]]>
              </value>
            </param>
          </params>
          <reporter-output>
          </reporter-output>
        </test-method> <!-- verifyregistringwithallfields -->
        <test-method is-config="true" signature="tearDown()[pri:0, instance:com.tutorialninja.qa.testcases.RegisterTestCases@479460a6]" started-at="2023-03-05T00:34:29 IST" name="tearDown" finished-at="2023-03-05T00:34:29 IST" duration-ms="346" status="PASS">
          <reporter-output>
          </reporter-output>
        </test-method> <!-- tearDown -->
        <test-method is-config="true" signature="setup()[pri:0, instance:com.tutorialninja.qa.testcases.RegisterTestCases@479460a6]" started-at="2023-03-05T00:34:29 IST" name="setup" finished-at="2023-03-05T00:34:34 IST" duration-ms="4482" status="PASS">
          <reporter-output>
          </reporter-output>
        </test-method> <!-- setup -->
        <test-method signature="verifyregistringwithallfields(java.lang.String,java.lang.String,java.lang.String,java.lang.String,java.lang.String,java.lang.String)[pri:1, instance:com.tutorialninja.qa.testcases.RegisterTestCases@479460a6]" started-at="2023-03-05T00:34:34 IST" name="verifyregistringwithallfields" data-provider="registrationData" finished-at="2023-03-05T00:34:37 IST" duration-ms="3330" status="PASS">
          <params>
            <param index="0">
              <value>
                <![CDATA[              naveen]]>
              </value>
            </param>
            <param index="1">
              <value>
                <![CDATA[             kumar]]>
              </value>
            </param>
            <param index="2">
              <value>
                <![CDATA[naveenemail]]>
              </value>
            </param>
            <param index="3">
              <value>
                <![CDATA[9626143229]]>
              </value>
            </param>
            <param index="4">
              <value>
                <![CDATA[Naveen@7]]>
              </value>
            </param>
            <param index="5">
              <value>
                <![CDATA[Naveen@7]]>
              </value>
            </param>
          </params>
          <reporter-output>
          </reporter-output>
        </test-method> <!-- verifyregistringwithallfields -->
        <test-method is-config="true" signature="tearDown()[pri:0, instance:com.tutorialninja.qa.testcases.RegisterTestCases@479460a6]" started-at="2023-03-05T00:34:37 IST" name="tearDown" finished-at="2023-03-05T00:34:37 IST" duration-ms="231" status="PASS">
          <reporter-output>
          </reporter-output>
        </test-method> <!-- tearDown -->
        <test-method is-config="true" signature="setup()[pri:0, instance:com.tutorialninja.qa.testcases.RegisterTestCases@479460a6]" started-at="2023-03-05T00:34:38 IST" name="setup" finished-at="2023-03-05T00:34:42 IST" duration-ms="4183" status="PASS">
          <reporter-output>
          </reporter-output>
        </test-method> <!-- setup -->
        <test-method signature="verfiyexistingemailAddress(java.lang.String,java.lang.String,java.lang.String,java.lang.String,java.lang.String,java.lang.String)[pri:2, instance:com.tutorialninja.qa.testcases.RegisterTestCases@479460a6]" started-at="2023-03-05T00:34:42 IST" name="verfiyexistingemailAddress" data-provider="registrationData" finished-at="2023-03-05T00:34:44 IST" duration-ms="1592" status="PASS">
          <params>
            <param index="0">
              <value>
                <![CDATA[         nandha  ]]>
              </value>
            </param>
            <param index="1">
              <value>
                <![CDATA[  kumar  ]]>
              </value>
            </param>
            <param index="2">
              <value>
                <![CDATA[nandhaemail]]>
              </value>
            </param>
            <param index="3">
              <value>
                <![CDATA[636406674]]>
              </value>
            </param>
            <param index="4">
              <value>
                <![CDATA[Nandha@7]]>
              </value>
            </param>
            <param index="5">
              <value>
                <![CDATA[Nandha@7]]>
              </value>
            </param>
          </params>
          <reporter-output>
          </reporter-output>
        </test-method> <!-- verfiyexistingemailAddress -->
        <test-method is-config="true" signature="tearDown()[pri:0, instance:com.tutorialninja.qa.testcases.RegisterTestCases@479460a6]" started-at="2023-03-05T00:34:44 IST" name="tearDown" finished-at="2023-03-05T00:34:44 IST" duration-ms="291" status="PASS">
          <reporter-output>
          </reporter-output>
        </test-method> <!-- tearDown -->
        <test-method is-config="true" signature="setup()[pri:0, instance:com.tutorialninja.qa.testcases.RegisterTestCases@479460a6]" started-at="2023-03-05T00:34:44 IST" name="setup" finished-at="2023-03-05T00:34:49 IST" duration-ms="4426" status="PASS">
          <reporter-output>
          </reporter-output>
        </test-method> <!-- setup -->
        <test-method signature="verfiyexistingemailAddress(java.lang.String,java.lang.String,java.lang.String,java.lang.String,java.lang.String,java.lang.String)[pri:2, instance:com.tutorialninja.qa.testcases.RegisterTestCases@479460a6]" started-at="2023-03-05T00:34:49 IST" name="verfiyexistingemailAddress" data-provider="registrationData" finished-at="2023-03-05T00:34:51 IST" duration-ms="1880" status="PASS">
          <params>
            <param index="0">
              <value>
                <![CDATA[              naveen]]>
              </value>
            </param>
            <param index="1">
              <value>
                <![CDATA[             kumar]]>
              </value>
            </param>
            <param index="2">
              <value>
                <![CDATA[naveenemail]]>
              </value>
            </param>
            <param index="3">
              <value>
                <![CDATA[9626143229]]>
              </value>
            </param>
            <param index="4">
              <value>
                <![CDATA[Naveen@7]]>
              </value>
            </param>
            <param index="5">
              <value>
                <![CDATA[Naveen@7]]>
              </value>
            </param>
          </params>
          <reporter-output>
          </reporter-output>
        </test-method> <!-- verfiyexistingemailAddress -->
        <test-method is-config="true" signature="tearDown()[pri:0, instance:com.tutorialninja.qa.testcases.RegisterTestCases@479460a6]" started-at="2023-03-05T00:34:51 IST" name="tearDown" finished-at="2023-03-05T00:34:51 IST" duration-ms="303" status="PASS">
          <reporter-output>
          </reporter-output>
        </test-method> <!-- tearDown -->
        <test-method is-config="true" signature="setup()[pri:0, instance:com.tutorialninja.qa.testcases.RegisterTestCases@479460a6]" started-at="2023-03-05T00:34:51 IST" name="setup" finished-at="2023-03-05T00:34:56 IST" duration-ms="4305" status="PASS">
          <reporter-output>
          </reporter-output>
        </test-method> <!-- setup -->
        <test-method signature="verifyoptionNOselectedforNewsletter(java.lang.String,java.lang.String,java.lang.String,java.lang.String,java.lang.String,java.lang.String)[pri:3, instance:com.tutorialninja.qa.testcases.RegisterTestCases@479460a6]" started-at="2023-03-05T00:34:56 IST" name="verifyoptionNOselectedforNewsletter" data-provider="registrationData" finished-at="2023-03-05T00:34:59 IST" duration-ms="3419" status="FAIL">
          <params>
            <param index="0">
              <value>
                <![CDATA[         nandha  ]]>
              </value>
            </param>
            <param index="1">
              <value>
                <![CDATA[  kumar  ]]>
              </value>
            </param>
            <param index="2">
              <value>
                <![CDATA[nandhaemail]]>
              </value>
            </param>
            <param index="3">
              <value>
                <![CDATA[636406674]]>
              </value>
            </param>
            <param index="4">
              <value>
                <![CDATA[Nandha@7]]>
              </value>
            </param>
            <param index="5">
              <value>
                <![CDATA[Nandha@7]]>
              </value>
            </param>
          </params>
          <exception class="java.lang.AssertionError">
            <message>
              <![CDATA[expected [true] but found [false]]]>
            </message>
            <full-stacktrace>
              <![CDATA[java.lang.AssertionError: expected [true] but found [false]
at org.testng.Assert.fail(Assert.java:99)
at org.testng.Assert.failNotEquals(Assert.java:1037)
at org.testng.Assert.assertTrue(Assert.java:45)
at org.testng.Assert.assertTrue(Assert.java:55)
at com.tutorialninja.qa.testcases.RegisterTestCases.verifyoptionNOselectedforNewsletter(RegisterTestCases.java:52)
at java.base/jdk.internal.reflect.NativeMethodAccessorImpl.invoke0(Native Method)
at java.base/jdk.internal.reflect.NativeMethodAccessorImpl.invoke(NativeMethodAccessorImpl.java:77)
at java.base/jdk.internal.reflect.DelegatingMethodAccessorImpl.invoke(DelegatingMethodAccessorImpl.java:43)
at java.base/java.lang.reflect.Method.invoke(Method.java:568)
at org.testng.internal.MethodInvocationHelper.invokeMethod(MethodInvocationHelper.java:133)
at org.testng.internal.TestInvoker.invokeMethod(TestInvoker.java:598)
at org.testng.internal.TestInvoker.invokeTestMethod(TestInvoker.java:173)
at org.testng.internal.MethodRunner.runInSequence(MethodRunner.java:46)
at org.testng.internal.TestInvoker$MethodInvocationAgent.invoke(TestInvoker.java:824)
at org.testng.internal.TestInvoker.invokeTestMethods(TestInvoker.java:146)
at org.testng.internal.TestMethodWorker.invokeTestMethods(TestMethodWorker.java:146)
at org.testng.internal.TestMethodWorker.run(TestMethodWorker.java:128)
at java.base/java.util.ArrayList.forEach(ArrayList.java:1511)
at org.testng.TestRunner.privateRun(TestRunner.java:794)
at org.testng.TestRunner.run(TestRunner.java:596)
at org.testng.SuiteRunner.runTest(SuiteRunner.java:377)
at org.testng.SuiteRunner.runSequentially(SuiteRunner.java:371)
at org.testng.SuiteRunner.privateRun(SuiteRunner.java:332)
at org.testng.SuiteRunner.run(SuiteRunner.java:276)
at org.testng.SuiteRunnerWorker.runSuite(SuiteRunnerWorker.java:53)
at org.testng.SuiteRunnerWorker.run(SuiteRunnerWorker.java:96)
at org.testng.TestNG.runSuitesSequentially(TestNG.java:1212)
at org.testng.TestNG.runSuitesLocally(TestNG.java:1134)
at org.testng.TestNG.runSuites(TestNG.java:1063)
at org.testng.TestNG.run(TestNG.java:1031)
at org.testng.remote.AbstractRemoteTestNG.run(AbstractRemoteTestNG.java:115)
at org.testng.remote.RemoteTestNG.initAndRun(RemoteTestNG.java:251)
at org.testng.remote.RemoteTestNG.main(RemoteTestNG.java:77)
]]>
            </full-stacktrace>
          </exception> <!-- java.lang.AssertionError -->
          <reporter-output>
          </reporter-output>
        </test-method> <!-- verifyoptionNOselectedforNewsletter -->
        <test-method is-config="true" signature="tearDown()[pri:0, instance:com.tutorialninja.qa.testcases.RegisterTestCases@479460a6]" started-at="2023-03-05T00:35:00 IST" name="tearDown" finished-at="2023-03-05T00:35:00 IST" duration-ms="279" status="PASS">
          <reporter-output>
          </reporter-output>
        </test-method> <!-- tearDown -->
        <test-method is-config="true" signature="setup()[pri:0, instance:com.tutorialninja.qa.testcases.RegisterTestCases@479460a6]" started-at="2023-03-05T00:35:00 IST" name="setup" finished-at="2023-03-05T00:35:04 IST" duration-ms="4463" status="PASS">
          <reporter-output>
          </reporter-output>
        </test-method> <!-- setup -->
        <test-method signature="verifyoptionNOselectedforNewsletter(java.lang.String,java.lang.String,java.lang.String,java.lang.String,java.lang.String,java.lang.String)[pri:3, instance:com.tutorialninja.qa.testcases.RegisterTestCases@479460a6]" started-at="2023-03-05T00:35:04 IST" name="verifyoptionNOselectedforNewsletter" data-provider="registrationData" finished-at="2023-03-05T00:35:09 IST" duration-ms="4325" status="FAIL">
          <params>
            <param index="0">
              <value>
                <![CDATA[              naveen]]>
              </value>
            </param>
            <param index="1">
              <value>
                <![CDATA[             kumar]]>
              </value>
            </param>
            <param index="2">
              <value>
                <![CDATA[naveenemail]]>
              </value>
            </param>
            <param index="3">
              <value>
                <![CDATA[9626143229]]>
              </value>
            </param>
            <param index="4">
              <value>
                <![CDATA[Naveen@7]]>
              </value>
            </param>
            <param index="5">
              <value>
                <![CDATA[Naveen@7]]>
              </value>
            </param>
          </params>
          <exception class="java.lang.AssertionError">
            <message>
              <![CDATA[expected [true] but found [false]]]>
            </message>
            <full-stacktrace>
              <![CDATA[java.lang.AssertionError: expected [true] but found [false]
at org.testng.Assert.fail(Assert.java:99)
at org.testng.Assert.failNotEquals(Assert.java:1037)
at org.testng.Assert.assertTrue(Assert.java:45)
at org.testng.Assert.assertTrue(Assert.java:55)
at com.tutorialninja.qa.testcases.RegisterTestCases.verifyoptionNOselectedforNewsletter(RegisterTestCases.java:52)
at java.base/jdk.internal.reflect.NativeMethodAccessorImpl.invoke0(Native Method)
at java.base/jdk.internal.reflect.NativeMethodAccessorImpl.invoke(NativeMethodAccessorImpl.java:77)
at java.base/jdk.internal.reflect.DelegatingMethodAccessorImpl.invoke(DelegatingMethodAccessorImpl.java:43)
at java.base/java.lang.reflect.Method.invoke(Method.java:568)
at org.testng.internal.MethodInvocationHelper.invokeMethod(MethodInvocationHelper.java:133)
at org.testng.internal.TestInvoker.invokeMethod(TestInvoker.java:598)
at org.testng.internal.TestInvoker.invokeTestMethod(TestInvoker.java:173)
at org.testng.internal.MethodRunner.runInSequence(MethodRunner.java:46)
at org.testng.internal.TestInvoker$MethodInvocationAgent.invoke(TestInvoker.java:824)
at org.testng.internal.TestInvoker.invokeTestMethods(TestInvoker.java:146)
at org.testng.internal.TestMethodWorker.invokeTestMethods(TestMethodWorker.java:146)
at org.testng.internal.TestMethodWorker.run(TestMethodWorker.java:128)
at java.base/java.util.ArrayList.forEach(ArrayList.java:1511)
at org.testng.TestRunner.privateRun(TestRunner.java:794)
at org.testng.TestRunner.run(TestRunner.java:596)
at org.testng.SuiteRunner.runTest(SuiteRunner.java:377)
at org.testng.SuiteRunner.runSequentially(SuiteRunner.java:371)
at org.testng.SuiteRunner.privateRun(SuiteRunner.java:332)
at org.testng.SuiteRunner.run(SuiteRunner.java:276)
at org.testng.SuiteRunnerWorker.runSuite(SuiteRunnerWorker.java:53)
at org.testng.SuiteRunnerWorker.run(SuiteRunnerWorker.java:96)
at org.testng.TestNG.runSuitesSequentially(TestNG.java:1212)
at org.testng.TestNG.runSuitesLocally(TestNG.java:1134)
at org.testng.TestNG.runSuites(TestNG.java:1063)
at org.testng.TestNG.run(TestNG.java:1031)
at org.testng.remote.AbstractRemoteTestNG.run(AbstractRemoteTestNG.java:115)
at org.testng.remote.RemoteTestNG.initAndRun(RemoteTestNG.java:251)
at org.testng.remote.RemoteTestNG.main(RemoteTestNG.java:77)
]]>
            </full-stacktrace>
          </exception> <!-- java.lang.AssertionError -->
          <reporter-output>
          </reporter-output>
        </test-method> <!-- verifyoptionNOselectedforNewsletter -->
        <test-method is-config="true" signature="tearDown()[pri:0, instance:com.tutorialninja.qa.testcases.RegisterTestCases@479460a6]" started-at="2023-03-05T00:35:09 IST" name="tearDown" finished-at="2023-03-05T00:35:09 IST" duration-ms="246" status="PASS">
          <reporter-output>
          </reporter-output>
        </test-method> <!-- tearDown -->
      </class> <!-- com.tutorialninja.qa.testcases.RegisterTestCases -->
    </test> <!-- TutorialsNinja -->
  </suite> <!-- Suite -->
</testng-results>
